<?xml version="1.0" encoding="UTF-8"?>
<!-- Generated by org.testng.reporters.JUnitXMLReporter -->
<testsuite hostname="LAPTOP-835BPCQT" ignored="0" name="Test" tests="3" failures="0" timestamp="2022-02-10T23:58:42 IST" time="0.033" errors="0">
  <testcase name="Browserui" time="0.003" classname="MavenGrpID.MavenProjArtifactID.SeleniumTest"/>
  <testcase name="WebElementUI" time="0.0" classname="MavenGrpID.MavenProjArtifactID.SeleniumTest"/>
  <testcase name="RestAPITest" time="0.001" classname="MavenGrpID.MavenProjArtifactID.API_Test"/>
</testsuite> <!-- Test -->
