<?xml version="1.0" encoding="UTF-8"?>
<testng-results ignored="0" total="2" passed="2" failed="0" skipped="0">
  <reporter-output>
  </reporter-output>
  <suite started-at="2022-01-27T12:55:22 IST" name="Default suite" finished-at="2022-01-27T12:55:22 IST" duration-ms="60">
    <groups>
    </groups>
    <test started-at="2022-01-27T12:55:22 IST" name="Default test" finished-at="2022-01-27T12:55:22 IST" duration-ms="60">
      <class name="MavenGrpID.MavenProjArtifactID.SeleniumTest">
        <test-method signature="Browserui()[pri:0, instance:MavenGrpID.MavenProjArtifactID.SeleniumTest@52102734]" started-at="2022-01-27T12:55:22 IST" name="Browserui" finished-at="2022-01-27T12:55:22 IST" duration-ms="11" status="PASS">
          <reporter-output>
          </reporter-output>
        </test-method> <!-- Browserui -->
        <test-method signature="Others()[pri:0, instance:MavenGrpID.MavenProjArtifactID.SeleniumTest@52102734]" started-at="2022-01-27T12:55:22 IST" name="Others" finished-at="2022-01-27T12:55:22 IST" duration-ms="1" status="PASS">
          <reporter-output>
          </reporter-output>
        </test-method> <!-- Others -->
      </class> <!-- MavenGrpID.MavenProjArtifactID.SeleniumTest -->
    </test> <!-- Default test -->
  </suite> <!-- Default suite -->
</testng-results>
